<?xml version="1.0" encoding="UTF-8"?>
<testng-results skipped="0" failed="0" ignored="0" total="1" passed="1">
  <reporter-output>
  </reporter-output>
  <suite name="Default suite" duration-ms="36664" started-at="2018-04-25T14:13:18Z" finished-at="2018-04-25T14:13:55Z">
    <groups>
    </groups>
    <test name="Default test" duration-ms="36664" started-at="2018-04-25T14:13:18Z" finished-at="2018-04-25T14:13:55Z">
      <class name="pkgtestng.Testngfile">
        <test-method status="PASS" signature="test()[pri:0, instance:pkgtestng.Testngfile@2a5ca609]" name="test" duration-ms="36628" started-at="2018-04-25T14:13:18Z" finished-at="2018-04-25T14:13:55Z">
          <reporter-output>
          </reporter-output>
        </test-method> <!-- test -->
      </class> <!-- pkgtestng.Testngfile -->
    </test> <!-- Default test -->
  </suite> <!-- Default suite -->
</testng-results>
